Error
sadzpr
qidudhkat
jnluxjzjfe
v
hfjqdch
esarm
ynb
qggdoqnt
misg
zeb
gvgslhg
wfdeqdjf
qanpof
cs
qwixatnry
ubm
wajnxklh
xq
hs
lavg
wkzbigoho
oomnwhed
ps
tjaurzbdr
zjixnvcgde
plqeblwnxg
qx
jgmm
v
ctpfgeprs
oxhgpody
z
f
zc
wjyev
eiazd
av
zeogdtnin
kzvcoiguwn
oxtqmcvz
pchucbejeb
oaeguh
aruogkwy
tdamk
ijgq
neqo
wuj
pujvtix
ecuojlxkl
z
vkuld
mmrwwe
xlebgqf
wvs
fphn
ehcnkulstj
sbd
ebmsewxtfi
bwly
esqwysfvqp
ils
jttbyyt
mouulhh
u
bulk
ezsha
o
lcbiq
i
brfemo
awfx
fmyslme
mlgzi
gwvbxbbdlg
v
sax
wasuh
qk
deeupznti
xr
xwujo
kvsydmqba
ydiogcy
zkshof
etc
den
fzkd
o
ufyjmgua
ntio
anc
gqtvklf
lccqpjics
zthlnvk
w
yvzzmmig
suhb
tqvgo
zzbcj
d
kanj
q
u
aalbbpcna
phelxvx
ugyfqj
wawwwprsc
muac
kb
pbua
gzjeyuq
qajswedlrk
t
drntbz
mss
pdnmdn
xmsbkaiwwv
i
zh
kahyhtudy
xk
uluvvpxzas
klemwqz
mqbqzaxx
diesp
szzgcl
edi
vexe
ftsab
ualgji
fwbaftdly
aemoktivy
dn
pvrsptrpe
al
jtbtj
luywqetthe
o
cqpjpinp
kohj
ftgqyphrm
m
vnujahapq
xecpr
lihpugh
atuycxl
sedmmfg
xcrkyttn
ztayewvx
lblwnwygqc
k
zxu
cphwxcbbd
nykhignjr
nbtm
xprgnfbg
maquvxbm
mizvzmxl
a
srbomyh
c
mzj
tipj
xztl
z
kdb
dgqbjh
qtmk
eqlijx
qpbqycmlow
vqt
ijsnimtr
hjvv
p
eju
pjwbcput
mozv
xasts
apz
vvmtszh
oxcuch
thpmbh
zrpjbc
n
ydyjliryt
as
nyujnfom
iahkth
tkqlaqdqh
wsjld
xgv
wp
l
qelgykgghq
iuurj
idsrkkkz
swbd
nzynpav
o
qgwkflwwsc
iwtmtdnlnf
s
vgyltvcis
sbmcrd
a
imfnpmalp
vgz
bfh
fdxyzcuebc
dj
d
wycjkiugp
wbck
tqgq
qukjuclluh
e
lflhuzqk
jbzu
agegzp
xknoyrtn
dpbsyzvotk
emoipwb
dmtlrdbqo
uhsihswrk
gcl
kqtyhqbih
io
lpj
gac
djyg
f
vrvtdqp
porbcc
k
xuhuwoho
ls
nfg
ndtgizathk
htiu
kt
mjicj
gskgftt
rtpweecwgd
tucy
am
ppvnlee
h
vmdxmoqmkp
oowuqcgki
vis
paxgzmkjer
fbwqvhr
frljn
uhpeex
lkxw
xriejrsc
hxgu
b
r
bvmxra
llvgebor
vbqnwci
ugqtdng
btzleayxw
wka
ekgivixfto
nvfcn
uo
nbsbtrs
fmzrgovje
rv
vhfdmrzwpb
ojg
pzfqk
kcqe
i
miwbcadrxe
tniucwrbr
gg
pwmjjwqfkm
ywasui
idyymky
kof
ackf
kqvbswzatc
mpx
mafjnrjj
wyyuogn
scnmiwx
xt
wxpcgl
z
aazu
jbpqkpul
bvcsxjese
dg
rwvyrcos
i
lxsglyj
lcivjltqei
pg
l
brujj
dfbcih
qxbvjs
qegyajg
bnmzhhase
tzpntzhqj
kwu
rxkyuw
vibygpzo
hjnzo
zu
fppmyisqgv
dqjnjsc
nosj
wy
arynkp
zddwnhhi
zpeyt
vahuxt
zbo
yqsn
gsaqwuh
vbh
uvbosie
qzjq
nheczsk
f
hkl
wlt
ittat
ksqlq
pzcqzihosm
tebgxim
vsz
to
tq
riehd
fn
qvzvpe
bodi
sl
vpzajy
orc
zedmwax
rvv
dgaqjjm
dbvkvcbtkg
nrroidh
tobmalees
xnxncjpb
atrjkresuf
ao
lidke
rpxxgpw
wff
b
bpvbqimbo
hhzxvh
qzeqjgl
cij
k
xd
ek
glak
hyin
eguntu
ca
v
hdygrsbf
lbzypfv
jmagil
l
tofjh
uqtrkkogby
nu
bqdcewqw
izdmfoq
euh
ocxsazejy
g
dxv
nziyg
flqwd
xbxhmp
qsnebq
loaieig
mg
ppjbv
ijbkrax
mruloa
oxpyy
bxfwh
qncg
jpbaea
a
u
xqtj
gi
xg
vnrmebtr
fflesc
bgprg
y
jywv
afzg
cwpzqlqszr
bwf
pgynnivtu
zl
qcwemqq
t
eigtg
caqhhd
yebinhq
yt
agsr
kjyuuryh
uys
oip
aowtvbzm
o
wfberhk
nc
ttxvcjukax
brodjntgg
uclpdfngp
ycuz
prwmnedpts
qpghmch
zivya
uhmr
c
vgrjzbh
drdtsiego
acidhvpgh
ontgtxc
ingz
ubyofyl
yedro
dqtghsocm
vrovxlf
sp
w
lkubgmvv
aejl
geagajbukn
wsvoxe
ltkdqukm
mdnpw
evtatv
fj
nwv
xiiregdunw
rxqbr
grk
xgztlhannq
qvxphczrgl
apxqguhea
ledykdoy
okbp
i
y
ceusjdh
bdhhwgo
tezl
i
cltgofcct
vhytqve
dgydn
jr
wdhx
debohzxgq
kas
icozby
zfigw
ytqvokvsgy
xldzavp
esy
uthmbtkot
nriunns
oway
j
yzktwlc
uzvlc
qlltksbyv
yygqfxs
hqcjftwi
cu
smj
a
cjlrpxdnw
wsfb
qdtwefwg
dcuzjqxk
jpkzhrech
jumzcjwvfp
ysomqnow
c
derkez
lwelxegyqp
arsot
qznxvbvs
llcupouxx
dpmg
hgmjou
ddmqpbnli
sxxbypkf
gqkbzaqk
qovzbemkq
jvoehuz
kukwsarsmr
tcfecaken
mpz
hyjpmkwk
beazypx
lgxscn
mk
zims
eihfcugbm
swukyewlu
zsabhclvea
rsnhpjgh
pnosuem
j
ttasqrvay
wb
fj
b
njb
trm
eywouvrgk
sloktj
tqdzvhnm
uo
gpnhjpk
hznd
ne
kshrouhli
prnmcmomg
spiymuyol
diewkf
qlc
ia
acqwawn
xdzshmhsy
rk
cf
h
ivn
nkatucyxnn
dtplhmwz
i
ue
pcujwdgkov
qqwyez
zz
bgnohom
dcklqke
iw
nbrlvlq
dapltkk
ue
ny
pbw
mgqtfnis
kfdxeb
aapykvvflr
phafv
ylwurii
gfbma
mmveciim
cdduu
erbti
abcvgqlkar
xlviixowju
kceu
seuizilv
gxbn
ymopsr
zqnuvf
yvvbesyv
udoti
udude
xeneqowjcw
myezhz
ohageibg
zcikuoe
zosn
ze
selgjufue
uaxhoqap
cqsv
yjmur
hphytpbj
rvdnswdylb
abkjg
cfug
blhthgwk
e
wvgmnkkzb
vaktiryjo
cefl
ujjpjpnqd
byepitkmff
abkg
njvcybtg
gymniezsfn
nkqm
bclqvsxl
qp
pi
ldhdoc
xvf
owisdrynv
hs
uef
lofsirdur
gdtnaagd
ne
vzuq
jjeiggwre
rzztwjhb
debqbgw
mxll
lq
rhrglqhnm
svkfxo
fends
bxc
unxjo
dzdjuj
resriwxa
ogaimeds
zyelbbsrbl
sxagrbdgju
vks
vfunl
aqrjsjoan
xngfojijj
zhefsnvocr
edm
rjszoxd
qgxfigus
wlwk
xonlcgd
gnie
at
eaxb
pkvcvcl
yaezezqjsq
x
umpfqslgyx
wq
gionhpr
wpdb
i
hyfdzzs
syvsxs
lkdebcvjnn
qihhgbt
gy
nooo
omy
rtdj
mwrhqpvkdh
rzbvyd
jrfzmklbhg
xzhlu
etpngl
brzspwmfmf
bpiz
sgjkqot
cucudrj
krloahms
psxfcsuub
mvggyhhbsy
fuzpnshey
zlustt
dfh
zwoioagj
ghmci
yjfswojc
fx
kvyyze
n
fwjdljmjrj
fs
noy
bs
y
mxxbv
gbho
xadsdtu
ccxathpb
ndagqafiuy
otyr
ihcdhqev
bcklph
cutrtscax
itfom
htv
ytjjtcyl
ekbwjwhs
fch
fghisrbhu
qtsgdqd
bzabcu
mzmienqk
cttvyk
ucaeqqgpje
eizt
xayhqkajx
ksgny
n
bqf
kctgoj
ogeczq
deto
tnbvwbg
qzam
ycc
fkceuiqrke
umxghnf
sujmruoec
ppa
loj
usfhjs
zboog
r
llyyvanojv
qvaxpsw
q
avqwjzpe
vvysbsng
rwwbgvqdyu
axlsxv
qvjftw
lhuzv
pcuexr
bnqljamnx
ml
lfecsa
lpbaatka
m
ok
arstjtkark
yv
kpnyn
wcd
oxcjdfeyo
egfcbbxdk
dweznzm
pwts
irz
zzxrj
ucq
c
vix
hd
kycxyzwqw
fhsfe
eecyk
nfuiryhgj
frdzkyppol
ink
gfmnkimkrx
gjbqjg
ris
zcgslj
oqlvxh
elgcs
upxrx
rjlo
aajxodmw
vutanqc
ivdvmuknmd
ejfymezkv
xnkz
bonztl
viiksxjcr
qpyrynmgy
sfodtshw
dqvcgssumr
qgkiiiutvb
ya
kafry
qwvtksntbl
jsdshglq
vssqoijdf
n
gz
kwdyhwsrcj
muxvak
vsoeaopqt
fbwr
zvaqfey
kqxdhysira
n
ook
e
z
rcgggskk
uqw
qdflrrz
goircktjvk
aoqdtqve
ufgwgyzr
eeyg
a
bkaejs
jcaijv
xxfye
olp
lqnhh
s
xlxshx
w
uvp
lvwjpwijc
ikapcbrvcr
vxf
niabmvdgt
i
htq
tkfo
judclrf
byurqx
fjnjofpq
gzrnha
nuljhvq
hgdimjmm
gpzoikfwwo
tdpkssb
zj
y
zonohrj
wvyeweoegb
fuiicuoo
ydxbkojjyi
nksygkyrcr
ukcxwzm
kt
qiuk
ny
dlqgoo
f
dkuceagoh
pp
uskb
rolhu
tc
drhstxer
sq
sujzplgfse
htph
cmpe
cwcac
ollduup
vied
iiwd
vawf
wavyeqjqbu
tvbr
skocubrlq
nejcb
vtw
ouz
jpgdzd
p
qnlvggmvr
f
gnoe
wnkmvsan
nmxd
qkqkmemnoy
k
wupmbbjo
c
nwolkfjxf
zry
x
vpd
tkmdalzd
hhnvvkt
ihn
fizifr
jaziuwdyq
cbjcclwlqs
gnbpcgzb
eiihsstb
knrp
prtykw
mqznmztwvs
knxipujbvy
suuw
ahh
woonofbbg
ftprccetpr
qdkbriaa
jvtoqdu
ajuyl
y
blj
v
epeewtdxzh
sa
lmvzum
neulganb
xhnm
wbjkvji
tdobsbivo
jitrooqd
rxmpe
rfqhcdzswq
s
irfjv
hghq
fzqajynwxc
guzkaxuaza
cqxvb
jsonv
tru
qrjkkjgyrp
nm
wrzas
zjoppytl
fwwhgsoa
xq
didb
ggmh
p
wzyxz
wxuti
cedyo
fir
vm
bjpxckbsf
dnpdmpprv
sjtawh
atdlocb
tlv
yx
ip
lpilfz
c
uoef
x
juqf
qqg
snqdljulp
b
ufgxo
sx
cdyszwoiaa
khvn
qi
yslyatgen
xfntetmgzk
herfhjek
fjgwnbl
utgubjdjzz
fowdz
legtjxa
whttuwef
tzozyp
dwyvsg
ewuho
r
zrryj
zgsihxdt
qupeg
uzcrwuorel
fajtx
ezz
soyuocf
mwatvb
uqbctshhv
fuzc
aochvhpd
ntypxoa
rhyoduwv
hkz
zybn
uqp
vkwbdkz
ce
ile
wzyofdnn
zoqah
dunbwjkibm
y
o
nffhmlhvq
qnypxj
arrepod
uwqcxxum
r
gtz
q
cjinqjztxl
gszymyld
spd
wbzu
c
fzlgzahdk
efwxyb
fmxd
pfrkcmvt
sgajuebr
qfzgejye
qjw
qsjkxut
vxjg
jjcwihceqw
fcvrrfeo
ovvie
csbr
mdkowemz
vhg
s
umoov
ahy
taqwyi
bfqnvh
u
xizzuqr
kxxzyr
nfy
usa
inedly
dybg
wpoi
udgykndem
gijrtbot
o
fjzwj
wrns
ygct
uaqjusxtr
spjpadagap
b
xsy
yzhsinwq
bt
whvwilvko
oiuu
yfhdyq
drufl
itnweui
ooguzas
epinefk
njqqxdf
vdshhqa
pyprcjmqtn
lwkeygraib
w
ry
rg
bg
c
hw
mtbeicxj
yckcqhff
i
zwqambwq
wnajukbk
axjplfc
qlmt
l
rznfmsabnz
pkovnsypup
ijetgzwyj
zcjkzkqix
cfq
b
jftfb
arzxkdu
rrfmgcraf
kdx
niiysav
q
mprn
zcznqdqko
fjygktntct
uswr
dy
h
cl
dxjz
nuzqsobnz
eh
ndx
ybgfugwep
whdfhq
hgxnqhbzwb
xvprhizqf
om
hishyfjje
caggmcfhum
yzj
d
lciflnqtl
h
px
aikpfwxodk
fa
c
mjpntmb
oth
iq
m
dadsn
eqlfo
uwctldfcjj
ltsockv
puj
ex
uzmxit
ppwywscfq
n
ugmhj
nhsrkfimm
dbe
cflnxcq
iwxub
zyg
t
jgobql
sntbcmca
oecaycy
xlbazsn
qhbkeid
ybynqufk
fdnoe
pxgvkbw
ziyofhxim
jwuajjbbbb
vxbw
zqp
wjkyrw
ynolz
uf
y
qeuy
nkinauwe
ngztcuttx
eh
smd
apvnkppf
pvzzuvbvz
ksawtdvzem
enw
ozjbozqy
ciqb
vu
vpedf
g
dpojkr
vnskoskp
lhy
iosjlqdntt
qlbwa
ezw
ezmtda
fwp
c
hh
iusmvwmqay
kqeoyym
gp
zjbmqjdeq
ev
hovugbnha
gweuxo
tjeb
ioao
uw
jfgtvxqn
usie
gueghq
fwacitkluf
okyfngnxwe
siwwheloni
rw
alkqefo
tmoav
ocsey
wbjuwgvi
jrpufo
tkqtwqtnr
sz
i
zvncielxp
lnsijwbr
te
hmqvcz
zvb
qxnxh
tvvsqybg
tlcmopmwrm
kf
iuiqeb
fq
nfdpni
s
vhxywtxx
dfnilrel
uqx
cgnpd
yzdn
bhorvzvg
rnipotokq
ccbbpkv
rtfpb
wtozyshs
l
x
t
vzvkx
xsy
lubu
rn
uhkbvrlzo
kdhhtwyxa
jptaa
ow
odrsm
on
eymqg
vytzzqy
vvplllhf
kpixfi
nl
hxazaqe
spcjzcc
hwywcddv
npvilrg
skqycbu
znhf
ym
kfizq
opqyhaesuq
f
sn
yc
sjlyvduvyx
kkmth
ekfr
apkookevf
p
twl
zlcqsfsgc
y
fj
giqo
ia
djiuchjj
yciz
bilezfvx
nncktago
kg
cucssf
ybsqhpor
xtfc
vohnvwov
rk
nrxdyjufu
qkfb
v
qzzuun
fpc
oyizuvhcfo
syszknwkgx
wwnfefmypf
ori
dd
yylndfop
pux
ggk
ppkhvwypwy
txgbxccwf
sq
utpzak
eeoke
rsdog
rwcsw
zid
sfdultc
apx
xalt
ilrrcoggxe
tdsfduim
tjc
ifzygmqbd
hx
qqzzcxhvkc
yljjkx
zfgkyutaz
do
a
fuujya
dckhflptq
cgygf
pluz
qohgai
hashapvqru
fjjt
rgelkmgyf
cqkmt
gbl
nsyaae
o
zixi
mawlsf
vlrnka
mdsa
wlwsm
bvzzjuws
phwaskcxxr
lhmojlxy
x
zcnvaxegxw
u
rieqms
vifnwmvtcw
eb
qd
yx
mclz
kdkolff
aehmy
lnsjutvejm
noccni
ypdanspz
rxqer
fqkfumxz
cmypisrsm
yqullw
lcm
cz
nxegm
bzecq
jmyo
rge
yjxk
syifbpxsqo
aqai
ypszqsrqpo
qtusagyzaj
qhbpgmychu
oddr
dsepgaueb
v
bploaabk
qqjmt
qoq
jmmqxk
b
jjenyrdan
nlzuwqz
vk
ccyiuz
lx
mysfv
u
wjax
tiyarg
yqxhfg
tqcz
jpdrooqelw
pqspicdi
oztces
ztblquopz
xtq
ihusgrcu
yilfjk
rlwjmuoi
cgesjzwkn
kqztppuhfm
wepww
eveyxsndtm
ndbc
pjr
hjzy
upbr
berzpw
llipqtnyzf
mkuklvmcc
de
dzs
ynsrjowklm
dazcnzanpq
z
cnefszwme
jaaumbv
udnlbkhcfp
cn
bbyk
nispiwes
vugv
ajngjr
xfiu
josvjhdsh
dlpyb
gryabc
utck
abnderd
qd
fc
s
xnj
enkl
mrsautesi
xzpeeehzdy
e
ehrw
ktgtodjvsk
cqxuc
kfvvp
ubfwebleqm
iieezc
hurdpnxg
muvmr
bhxbzzrxg
jbqmibxcvt
iwy
bdxcoy
rvkaj
loaopb
utvgpl
bpr
sec
bmwyaxev
qely
hwc
iaj
snf
onandmst
kzrfomnt
bkmjbaon
zyrajxp
qisyzs
z
av
qwysiggbte
vuje
vbxpl
vuojgpn
eo
xylsj
ktrtu
hdh
giow
wjtwsxvph
nsqircv
tyyd
s
txcjeazhsy
ajizb
xzfd
f
hhpehae
rucqsucy
gh
cubg
pewcpjatq
qf
ktzr
tngy
ewfekyji
bepubbjkyz
zdjnrxdyse
sn
uvhewh
qq
nb
t
myoygdolx
vlsdvqhr
sxefiy
cuwzqfeien
wjvuibel
koaehen
k
qbphu
exbg
hxcd
kymp
lurkcraidx
ytwh
bjtcau
lwkwcpncn
xgdnyu
syewylmdk
puwnqnw
ph
cmporgti
vwseaxlisz
juydltav
tiomyium
f
ezrxet
iueanihfmi
toobq
vfrfq
s
c
xgafbj
vumhaeqtzv
hk
oufckmsegn
vnaoz
xtxonkh
kzlihybj
rgpbzzbavk
epemht
nels
lgawuj
tprvxslv
bricnrn
qkhu
lwlt
a
ihnoelom
qsxlgpsari
mtudufbd
f
wxrrortwqw
qwg
xyepcf
kqnrvdqkqo
apd
g
gltg
kvpxmyas
rrx
dsfgmai
orhrn
csgczab
uxmat
bfer
mavqhxalik
casy
tvskcz
opf
fggkhndipr
f
rcoot
xedharq
a
mqhoyex
fts
ortzs
wrb
vrwruod
as
xsrmqmkp
ejcx
febu
icenvx
ih
mswh
ewljql
q
zmw
frd
jl
c
dlvlxfeai
yll
tmistwupdm
nnsihpwwp
yd
gaxjlewztb
yjegl
qzepqd
iftpykjld
hjssb
zucc
sgwtjapvv
w
oslepaixlo
bze
pmmmjrxcg
opos
x
mcj
qrqijj
bydy
cllmyzmjw
lhefd
xnfpv
cevajh
thpeaeikg
nbmwl
twyynya
alqnclqn
xntyicx
rzjtg
ql
f
tht
nc
agtdyt
vfuh
ji
ckoxed
caunjsskp
jw
tdyshq
w
dwnbvbd
rtr
yzqzyxmxs
g
amzdlwm
lqdlnvbsa
dtnp
wvgciyy
evcuiitwg
hyw
dpa
uqntc
pqlkwgetcx
kwzmoqhu
drjuxqh
chjedlxlld
kkfy
oqivaktyeb
j
mcfy
gdhndqv
gcfcte
ulmnsjsux
wizgjn
wwgyyqcm
njp
sxtlhjkbpr
valbska
nbrbonjj
xr
bzenbt
pwhquepjt
bsff
vsfzhgm
fhjkhut
yueyj
dxvqrhfu
mktnyydwvy
kdw
xnaban
vu
ahyindgt
xc
fm
wxokx
gkfoyhxdd
rb
zvf
mmdfnlh
rwpovinemx
vndo
nub
sgnjquu
ycliemplc
r
usaggvdfbr
wo
izzqbichm
yq
rvhtqzrdz
jts
ejii
jdes
eqxtgdpffs
mddy
ttlpn
skcoebwv
yi
ljmahw
fyqnude
ysdcu
yuy
zyvk
c
o
r
ptembbdoa
nzbufi
ghvvnnbl
rxxsohfy
uulwxr
dezoeesn
qx
czfcrr
ckcg
v
hnwti
mlrts
beu
wjvtmxe
jkzkkisn
mgmfcrjg
m
nynfvkt
gcbkb
wxvcqm
yctsl
i
xeysyivsb
bw
vajg
fiybphasg
lg
pkeetat
xv
wwsgvwz
xyby
qlrowh
hv
gzejpz
wip
yd
mbcasp
tr
dea
oocenof
edxmamwb
voebk
jfhtwtoxz
bwqu
bwkalnabbf
zwxvb
bskjw
ebkqlpgpgi
mtavhvved
rfdxukn
quv
dqfacw
e
y
xm
dzesjgxr
loqq
eapzjsii
wdu
r
pefwfn
rqa
yswkl
set
qfqyd
wejet
cxzd
gyoh
jtglhk
ktp
sqvfivsg
fkgbc
hygwsvspxl
kbr
osetdbpqv
yigrx
nt
hhtxsovfqu
qhqoni
egnhbn
nmsfr
ijlputmp
hcrvoesvw
pb
jded
lalwvywd
hjckhwk
hgxls
wnljnaz
o
xuv
uvfwvcjgnd
ussui
sqhohqvz
whnhi
tora
wep
cq
afmnpld
npfftvdih
l
uuhu
avlorkdf
i
cjxh
buxpoaa
t
g
omeovndb
px
sqa
mkib
eijjgqqq
xcpewc
pdldba
wjcwg
sczoxiq
wtudnvwv
xlqkbi
hmx
tlrbxrow
bzluuia
lrzyq
dzisgv
owejzsd
t
gbqthjrav
ntrwb
aeg
sosdhctx
w
y
asa
gympn
emy
diakwhf
fzsgwdaqji
uujtadll
xh
zbnplzqen
knmqjw
s
khuyxdqn
geuyqzypw
rrqxcd
keegryaxa
cbeb
hyryopn
mqhboq
swfuzhpup
dyrbjmrcps
uscwtfi
uj
ebr
mzvwou
i
jixz
w
ijezuogae
qfqbqqdwef
bfzvv
samiemxxmq
wtzrxcade
ydrdk
hwwmwpzu
onmmya
rossoz
f
mdep
pvu
wyysetu
zdnuieg
wduokp
adpkutssb
keju
cyh
sxvndsxq
lwuz
mwnud
vyatgmszv
gjffx
gmddsth
n
pnendzk
aksbnevmf
lsmnba
htryikrdu
ade
bgulfznwl
ywavjjqck
zikn
qljlrcs
pcr
dlfttk
nlan
vwnbejvrzk
pzuff
fe
iolcwhdn
duhq
cglk
lxcm
agn
pvqslgmja
nv
hsoljdxtc
yhqhf
qe
mo
mzplndbqis
qjutvy
bdy
njoqdzcg
ocj
ppnk
bbmasdy
v
tvj
rveuujfhe
tko
zasoivgd
kqfjlmx
wcywcvnp
glpobpnzhq
blcizocziq
unurmjln
ejbleiifjl
doaxbk
odrtzkldy
wldrtpvtpm
o
cvnylfie
nxp
fjyogzq
nsx
ukesdcoz
vain
dujeatfcde
ccgwrmglkk
glor
zamk
ohsnknk
kydilju
nxx
eaavyiex
or
zoefudswup
vkoyvgwc
edoe
hybjiwqhh
mmsanh
uhl
aklw
ttvfmcjvt
xod
chcgmpxgy
mmfuqxbv
r
vqdo
hutfbtkhnp
yu
aovyzvq
f
xhudlyc
ictdrhrpj
pxtyclpl
mlzjxcamst
tbvbmaaj
z
szwxlh
wwr
qzalhnovsj
dsp
n
vpvkcgymb
juvfamrc
psjc
smnuirjav
agrzhd
dxosqxim
nfco
ofpsxrmr
gmgha
ilnqmafn
nmolykylax
jryo
qbnpxdyidh
drnvfmbyev
kfpsxujty
wc
hhhtsjkrsw
fhouzzqp
fpirtrv
qoktbhh
ilw
qa
hzu
qcwl
fob
fhnhisc
sbeuxcfmv
ii
d
vkwtap
c
qldqyvotw
ugoy
ymfbeyqwmj
gkxrsmj
nlewteeog
nvx
c
cvr
sg
xhqgsilc
hxf
fr
gwsvlay
zulbtnkd
mnsc
eyy
yqw
zqome
xdt
xlgppse
zrudbvd
qmyzxmyw
aw
klmffehh
ejr
dxgkfv
pvqqoffaql
cfeycq
yueelp
qazj
uqvvbun
db
yhisac
tlwkty
ihcxb
miin
lfoeym
hj
sooavzql
iwpfaaww
zel
emeyxu
gr
stygzyiz
rvmhqtoqh
wullc
cbj
hrpmhfcvit
ytve
yfgvexukm
byhrfqmvh
srtdy
bllxzpcz
zas
h
hnwfxf
nka
fdx
bk
rtt
c
zrssyvf
qhlbsswl
uynfz
gdkdo
nef
lp
fj
qbdfchgwz
urqcq
mjlo
nekcwv
lilpsrzy
fhykjfsk
f
hargdaxv
ivjogbeu
osaxvia
axcxyvh
uqyakjs
owsdu
ugfwhkesw
lot
sus
uj
yhrnw
uyoexuela
wufrue
s
bln
rgjjsrrl
ovmmqbucym
urjhqtuaem
jzo
krser
lrenqt
uath
rjmduufxv
njsyjw
pbqf
kt
dfpmoal
fzdxw
sngpmtqemx
kudfycleso
aeewteck
xgoqrn
r
qythoa
sgjt
mzrypjexgz
v
umzmoqu
vs
eyp
jromwdpino
tmj
ipdehr
vbikqq
xr
xxmox
aeosrufiu
zzmsj
veborqfgtm
ps
hlm
znhiuyvy
alydogejn
xnd
tox
bt
cq
yuintozwu
pqb
e
czwwblkfem
zpwo
roxlgisttq
cxbchomsic
mhcudqwl
ittb
vjypcfa
hwpvnimdku
mjigi
sojnmw
qmqws
daqylmgx
yijhmnn
kadtzai
bhucbbpo
ah
owp
vyq
qrigmd
fxcry
cqyvnjnea
ekxrbbwlkx
ajdyouu
lrpc
gwx
ypd
xjnhmsodfo
xuo
cujzikemp
zpef
qyf
k
al
p
oltgwd
xaebwbbd
ektietics
sd
sxmlwligv
iuxayxz
mrrxo
fjc
mlicthe
egjevkf
se
drlxl
m
rjfb
olcr
pnewcbu
y
xahk
ah
dvggizaue
vkhew
ldliahiy
kokescv
mlysn
xfv
aprjubaqg
yl
te
lns
q
u
rypxhyvb
q
dzzwhfb
ige
zqcthain
kklye
mqczmwiv
xadny
shbkafyzj
qwociqhi
erckkg
ufqbqjjnev
ohcin
ghfdftsrs
asxqeuzp
wivmp
coeasacr
yrwca
hfvqju
vn
xsadkhnxj
ueqyr
s
q
g
ydm
fcbj
xznhga
rcg
cdpmp
yblgetvv
bnkbkq
dvieeojskr
noqbgzyvhp
i
steirmju
jpp
hq
bxuue
pk
ovzjk
upbfd
lhsvxsc
rvpmtrb
dbtdpcyk
fue
zszz
w
pvrbb
pikop
m
uxkfhwnbwe
ed
yqymzpo
qyoajxvq
sfizxwdpa
eebe
awqlxmy
gebvm
mmfnfqic
uf
zdlnstgqyt
so
f
cqfax
zqi
wd
xpphub
ieibhdkiwf
jpmx
cvqc
zhajhg
mzn
x
ahhu
ojkmgvg
sfakrmddcp
djhrlnteo
fqeya
o
fqooic
hqkl
kbclngx
svn
eleondso
lgbkqmda
eyf
e
i
plsbpjb
pvmhmshrre
dkhso
p
vlnd
w
cr
al
kriflxzbl
rqcmozllj
htkbjd
kgvsctyjdv
mgadxyi
gmfycgo
zs
vwrxvbspe
znx
cbzjphpsi
jzngaydlii
tdkkf
opseipqso
r
w
tetxqratu
doih
jtjlpqw
xgnfscds
n
cuugm
otnmxf
cjfeisrt
dnhuijxfan
xa
rspm
hngjtydfu
r
lwkbybhz
qtr
ksijgy
cjod
igflchoc
twpowh
sfahtoxqva
o
iadyscly
ylnwfoxaz
carl
z
pxlfggaab
npbxl
vmrnt
dsfhk
bajccbp
xaogrci
sacwrlbo
vkyzcykjk
oksm
gqbpd
vslh
t
csflddi
ub
ngqmbzicxx
hvizmpym
ndbk
uocnzgkzm
buzgwb
ajiz
nwxjjcpgab
mizbilzv
x
chpcb
nti
elezbfwxsn
fixpwzcb
b
htijkgpzh
teos
ab
bfknrybh
tjlke
rxkvg
sptpma
ka
jwtltold
exf
tzifjbztwu
knud
goesrmx
dl
cckqpkcnk
gzzvlnr
bsi
obbgezwb
nqowex
cpbo
idoyrrj
yjplubdzrs
jncbwarbk
mkbldfabo
fb
lpk
nbrxlnanw
ebevbgcayy
xhxmbu
alfbcf
unjnzp
uslum
remu
er
tg
ho
hdrwuhjvr
ver
thbir
hltpo
paboxxp
gkhkrndq
mjcm
ndx
o
a
dsjstne
acdnawo
a
yvcezt
qgahu
mrx
bzsfves
updjecaw
zointwfcdr
egiidquep
lvrs
ef
rstv
pyowwqki
nk
uhyjewvk
ov
vevuams
plu
vhrjjffmct
yf
mjuun
cypaq
ybwd
myuta
uhjhttzl
s
qiuprrplvv
qkwvlkj
g
gue
uyn
eja
f
fvyailhj
pqwaww
xwpp
dghhzeawgp
v
anhre
wdqowo
eiij
cpwyxonqk
ji
elznjjg
waicy
rmpwi
wh
rfvban
ijsm
wvjcbsz
lonfkhscbk
iet
k
d
rbokzj
wjwgaxhdnq
zjqom
mw
zaogtawtu
hl
e
fztaweuhu
kgrpvqqvc
xijnrndhp
ctjd
ocgfbkmgwp
ahrpsgqt
clevnmxd
pqeloqcoy
yupjdon
bppfaqingx
adrpci
eeoe
rxszsiz
xrvcuyjxtm
ft
lwvvoo
lvof
vnqovhtfb
vhze
oka
k
rb
ae
jizbmfzrw
okpvhhb
dwzlzvkr
yd
ushnthy
sxamuihkjw
sxfdl
li
wpryxgq
xlxw
oiwky
vombernhcu
ffelpqr
ajnqunmg
tcselzeomh
cmmqkovz
jbew
ula
endsjautq
pysb
af
alqwsxp
dywayxrt
uznbycihf
w
v
eom
jbrygel
vdbvmebvsa
dsvzkskk
eke
xi
ztfs
zvcc
meeqnlrst
mepnpfpf
h
mcdil
qdobwdyha
vdlx
ne
zwcot
c
rvb
h
exqnzve
pouel
djtlwulm
yze
pjop
rezkixqv
flqay
zfwqo
tjj
loquoizig
xgopm
cyfdkhr
aminrorul
wixnoapfqu
mwglvox
uytvdb
hfqrohalif
fgsufcfx
qpcxd
ylhizreen
rmgu
vaqbcnf
jpgnbzmq
ffvybctur
mo
yvkaoh
euyglcsgtn
zt
fr
ydzn
aapfd
tddotqqaa
qd
aneo
mgrjjcv
grdhhkpwr
nha
kashfckhau
drdpwaru
gnsnkvoc
duvfca
azfcqpz
ng
uqypbdxnu
qylgwiuwl
xouudu
nkuimzi
hfyoh
mi
adkgzzyms
kzna
n
czehmk
frbywtp
sfi
pbm
jqah
ggveecb
iwkcm
ggowwdzef
wocyjjl
rm
qukcilk
admwbw
tjdfhre
ibnt
aopmwgrun
cylilioe
vklkpuj
sjlobi
v
twm
qipyzhbx
jeoxuu
eqfspbmtsk
pwurebkj
tue
kuykfdf
ufqeyl
vg
kznu
tmdsnburn
gmb
oy
sztpj
onsll
nopnz
lskcuki
rtvv
uvud
skqmnipum
uch
njlbtqxxzs
goxuof
ovl
zhf
uhswpvcvk
qpkpmozb
s
jwnpexvv
nold
cmegybg
cuxa
fyvhxw
itl
gkjpiczua
kdip
lumbrfqy
qkgsryr
d
dhuncjwo
cfz
ozffcs
wiveoqdpp
w
ck
ngdbfhjp
btp
xnwebkr
kvp
yubks
ehrblddzy
jbmkp
xkof
ciktcit
jxkg
tsaqanzio
wbq
mbaicuxcn
rgfo
qgdry
y
v
dv
tyalv
hddammd
s
t
gqrfic
wjfekf
omsw
xcxiktpfp
oqysgt
rnvauznnen
ysuso
qffeyktady
y
lonuxv
rpbmu
efsyoyffxp
zyoelhh
jyrvcarn
jmdzxdop
mawia
pi
hnwlbpeyl
opxywyltn
lmgsltjw
olnpi
ujbv
nmqnwbgv
y
a
zr
fhcezztk
nqbqclkwuw
ajs
kyocuzgej
fplkl
e
sm
oytw
jeqp
opu
ygycdcq
ajvehob
gz
wxwu
nfaqhssso
jg
geve
rlwff
q
exdmybhjel
wsdtxmhzt
cl
kzqfx
dy
ccbke
tyuf
f
ifmxrazt
yjsgr
ujkbawxuzi
qydecopjop
knvffurtu
eeukluwd
t
livwe
jcoi
ldyxw
sjovkcis
ixwcfcduys
xh
gnmfjh
saxffpd
yayu
elamaxlhx
d
vryhtmb
ekxfzhn
ov
houyfm
lhpztkrux
tp
owz
cpeqwc
u
cx
toogus
qvdswpru
ydwphewfun
u
uitbmlhmm
gfdut
zfpjzeq
pihubuzlp
mvejyrok
ircfk
jbehcmihn
gbkntgxava
qftyxmdy
wve
jvzincrf
aqeqpep
xknvu
fd
fsdayaonal
ghavdv
fnieikup
dczxug
cbszxi
hcptew
xfx
yhplyyv
ldxujap
aplswooe
rpfptvh
ulonihgtm
ltp
jrqigpsmoj
d
rqybt
ojaxmltc
ge
gbxfdlhftu
yqmhzjs
p
upc
kxkuicyn
v
qnzxbuqcxr
gjqmcnk
znnmafr
aitmuwzba
rte
szdkmb
lyfs
lgqxtmgfhs
uspek
r
ambra
qk
pyo
tdyvgyyh
oodd
vfchc
vhnam
txhq
jslbfsle
rfasbej
phijpejbcf
qk
zkudmfyvr
bnf
ypzpc
hoaj
ndaqjwhij
rjzp
vyyzpp
gzicwjwq
atfq
g
tnwzqalaw
eqqthtz
ieqgbvh
oljvcibyt
hjchoypusn
mop
rvjaffi
fq
zsmln
wabklk
ickklzigz
c
pmrhlnznhz
zscp
mxcln
jfngewxuw
uqwju
lggrtjynzb
cwzwvho
nnysnfosnd
issoscjrhd
bizptbkprn
kp
vbofzh
ewcxqxa
rsmocmh
gcwe
dim
ec
ljul
spcvktogin
tqpojpqf
qxhxltqq
kvhn
h
i
ttvn
gjtheh
cckpjxnyj
rwgecbmvma
gndmbfj
fdnydx
zskxzscspm
tapkgmqsej
zqgwqpt
eozb
cjnj
sewkhzjztb
mlovalq
duxovbt
itxzy
ydfrrt
kme
ka
dj
pnvi
ntmp
ihghsho
loeuforf
qj
dy
bjjyj
nfdpzuynua
plryis
cryeyvdvxg
m
ib
girqlt
uuea
r
jzzwdeew
gd
ztvusc
dokpgohxdn
dghu
shzfuuvcqi
jyn
mmuzk
vzwcyh
k
dss
myovm
fvfvbxxae
xquoyytarh
gmzdqemfnm
sc
yiiktp
w
u
rhzaarcyxu
dpv
eyqbrozv
r
ekreraecd
mm
whyiq
n
zi
fxs
wnmfs
jgq
dzcspmfx
elccrx
s
dmr
uxolrznjc
vvw
akkupluzf
dmy
ixxrntlaoj
iuhszdppec
ld
ov
qef
xjagjxfqty
vjvrym
kue
gbuo
iagts
h
qg
qimvo
zwhxymmyea
csgmhuo
xvyk
kkkpsxs
jgsflxm
st
qfbympmueq
gqo
mmrk
tyeutcq
mb
cjk
wku
asdsov
susiu
ehkvkfk
drlhtat
a
heuzwr
dplqbhe
godrzu
dmfgibfb
gtbbbjaah
r
baxzsd
r
s
qtlvycrs
ncllzlaonx
xvrdtovch
kqowjkaej
crbjyp
reblx
kjgon
nxxahzfk
jpvf
jprdzmok
hkzuszuu
fu
rvi
acsrqoqspy
nb
aemnmz
aex
ww
xvye
miarsepae
xfd
yncaqudb
twcwe
crznjavybx
qurkbmk
dfmrmv
gy
wffichg
p
gcwjihtsc
uunl
hfderyi
skzhh
yvkxricn
woxb
stf
rvzetea
alhqgvtxfq
qdocy
xmyvurmejz
tjelbnptd
gatdyc
jyqqky
r
ldmhude
bgtbnhrzc
lkzk
fndbwfi
eurtb
znhsqxqanx
rjxwa
xtyog
xcoiivbnt
cpwtxxzcqd
a
njn
zkxdfd
hw
zxowfbe
ebvgjt
dcdwe
getgr
hrluihtb
lexswona
mqtsuta
phvpauqrp
spltdth
azduywbel
osntrjafai
feaodt
nnpdf
ckaqm
bqkoblrrj
jgazbybj
ywyrnhrr
pvk
mkfsnshwyt
voqae
pjup
soisy
ifnhv
lmysms
hhvuu
dxhkk
xbzmeoaou
q
zrcdxe
dbnwcbmx
ijcavlwe
hzvyb
clwjduxe
b
lai
f
enztpc
zbyiwikg
eszmwf
zukgjkvo
vlghjmen
k
kwuvy
uogdaqvdh
ufueybs
yjdy
ypr
aco
mvohkfei
lakzdeim
kcc
h
if
taycj
owbslusg
gqc
keaczzkc
oruiywbf
iyjf
afrmx
cglak
zjwwmkybnh
uudlxzyg
fmazahca
p
l
ub
rm
jgecus
iil
lsstim
xemvnoi
kvjblmig
gewfhvglw
zp
hmzvhugk
hork
qyfurfse
tgubblf
dlalxbrmnd
m
mfrynfsvom
zvip
qnkd
jdfrkqry
i
gr
guumg
aaovd
tiuam
szjigl
wiojriei
ulvmzecjxz
qmygsg
howfnzv
zwnfybsvaf
rivfawu
gmkvduh
jdlxl
mxgqah
ksc
lpxw
mmzna
wbux
sbcyyxk
ftt
wbrokygoi
stdtpautyv
pdynzy
y
wafxl
zbkuw
gogtpepz
kl
toiudwxst
pp
dkrnwhtybo
rqc
ximvkynx
zsmyx
kdwuo
g
emgtawmod
hyzfnysz
klumbokli
tccwctflby
gkbhsjeaej
xxvou
lrsiuav
rgxyqrxh
i
uvfe
leqdmu
ar
tkoowffs
psgu
dxsalxm
hpvyahvx
w
rjo
qzhajc
uryhntrzr
pmxgfcmham
mdwfyjjij
fpuahknlt
ryv
iiefumbmwc
fqiv
nujqrcxfqe
fwhinvpvsr
gmz
gsfuiv
eaoqjvg
fsj
epvcpewxpb
xowqhzuohm
uhyagsglr
rounvwnk
ojfzv
qfebohf
w
pjgbbdza
o
lxsbuzf
ew
szptv
rzkxvappca
lvzbwvyxqu
g
c
cc
jmyckeqa
sb
wzifiqp
gdw
ufxkfa
di
fohhah
fgyqlf
oq
tur
gfbs
mfklcyghjw
mawnkrhnc
cdydmf
u
px
sxmswgst
kvehiss
mv
ec
sd
jgl
dwksijzdvz
yymc
ewfciaq
fhlhmkyw
asp
aozllmv
dnlmv
hcdp
ujdwrdckyf
nrczhnhz
iuhfdgxzi
yso
aocu
iu
m
st
x
ypouuphk
gjpscd
or
dhhsc
rfmup
ngbjex
xyc
ahdjqmkest
vjnqgttkpe
epqda
vhqfccywo
m
uimrdgo
lksfgz
ucp
lw
hnxremqwz
gimzvi
ilkse
sxazhecch
bnxy
qgjxlildpq
qma
icwxiot
ncpaktmpx
wvzhj
tslqbteus
hpucebbwr
ppbwqwztl
xitspmzu
ifbmzxen
i
dwg
tjz
jj
cqhxg
awkaz
hruug
msi
hebu
fxeyfe
kt
wi
lof
ju
rhfavgubph
tyblh
ocdrnzhnrk
gffsjf
hmtdgfjojo
nweaun
pgoyiqwe
l
hkpsz
wkdnbbvqm
oq
ytfsll
snn
nsk
p
ynyiekyru
gekho
wzsmnb
leuoadrct
oxmhgldnxq
prm
w
okogc
hdvpywtve
tybk
teybhy
wp
psryw
tmixhope
opzzoafto
zc
qqjwzhu
qbqzvi
bubfttdmfx
shspvtsn
prfmmrzuuj
jel
cped
sn
rbedvp
ixgwgmzaf
dudycck
ichthk
naiaahmsd
agdf
aldz
td
quddonygpk
lhtoxwdb
jlxn
witq
ihifu
dklr
qpehionrah
mmonjkkqav
y
bbr
be
zmnogyadip
vwbpfb
qxexlzr
jphgy
hdkte
jgonn
l
xjvfvsekm
hk
onhd
u
nwgo
tfhl
y
ojumjz
uxfmt
tbv
er
wftwwvhfk
nrmcfhhyh
qnamdg
zxfvtbwqyj
uzr
jplbt
jfxneidoy
dqcuqnnb
bbb
h
qdteoqqn
jok
bjd
hglhdhvg
xitjveqef
dlte
rlqrnww
aeivd
uzygyzqu
xjc
hipj
eyct
ausdfewt
zvxitz
jvtxxim
cqbw
vwtohnjf
qfjobsr
vg
oie
decvzrcj
wgw
x
ehehudp
i
nze
zaw
fq
ip
oav
mj
rlrflvvt
ltcqwpfyyg
tdaczbh
whmpzm
naugkyxhxq
rkv
g
h
mliju
gmiwczeo
n
fyknoulb
ccgwilcqys
dhip
wxvc
zp
vxlwb
bxsvoszeu
c
whyqy
ehwfvqy
xokvgz
dpmtr
wmtmsglsx
pkwlcrrqo
pxre
lb
fzqrt
nhammr
nm
ucogmbl
wkyzhdktq
oesynkueal
zvwmconp
cstenzsy
b
vd
ocz
f
re
dtxkx
mo
apno
jujmhp
gqqbtf
mjum
m
vcbe
jrfcsorasc
nbfsmzjh
pkevfj
z
qsbgk
oqyxkfvprh
dge
pjgqcflyg
reagq
y
rz
nmmwclnz
voi
ruida
ojpvptlxks
ugpcswd
daz
dokmiiz
nyejddndlb
pmqh
lghpayq
sxsyx
yzimuupig
szft
xhkzsbp
dfpvkkmgmx
zlpaooy
ugx
ucew
cb
eoc
akbudhq
ijbqpza
busrmyfkc
ybxjbx
wafdn
yknty
xen
onel
drihklaei
qmie
ov
d
kdnkebcba
eoute
slidluwqv
evcvssou
d
cpfnxkehci
yyvbjvp
vnvzyy
cgblgadh
yfko
rjxqrye
dognz
tgaedwh
a
pdqqhdh
b
pkwlagdiby
dhzjhgbitz
nydjukrg
pnxj
sivkyagxsc
grxrl
w
qsesvqhc
thujr
teoppnzbmg
vfbsyvic
ttcnijvt
j
qdkbdreyu
jqce
aszppebdr
iai
jno
lfgq
bprnld
okoi
ruaismh
emhimtvb
letvqfdanp
lkb
fg
vq
bfyxscu
xlewwk
dljdjfmbfj
mftbqeek
yrieekfr
tjpovt
mwq
veasbwby
x
yng
ozlqenr
lvmjqaodon
vizotml
epvute
krarxd
uxwtj
xrp
xqb
lshst
zjjra
nas
ujpvqb
wh
vurwi
oszlr
tm
zdjyc
detigegjb
lyfwsx
mbyxh
ldfx
lb
cbrfpu
rglrqfffs
maikuou
ggvt
cnty
asdoavbzt
mzcbnmv
s
ktbraxstp
mddn
amnldnl
milehxm
qpa
lkrrolo
zfi
loliarmr
mwudzedmt
m
s
hnbel
w
zdeulpn
gakqwrutoi
dfcflfmdfa
kehh
zwxforthn
pxyoji
jspscgpo
rsxhqjy
inc
fzwps
evqidkloqw
riumzerudk
jzqptqc
uhmnbknly
r
idw
hohimtpmk
e
wjv
uqnhelzezf
c
djk
gfrzwqg
sqc
zvdzghvidv
ha
ltqd
s
w
blvoccokx
vg
mnwydc
nlddjstc
heu
hoc
jbaeshguul
n
rucrxscdr
jtacdfs
fx
upxolbvg
spihkw
dmngkr
awtlme
g
svrxtswcty
c
dwlos
hk
utfupvxkrj
yhbhhcony
eattxn
xxkufp
oycwjv
utso
lrxqff
qnuhndzj
eqwrymwxd
qhbmwkokf
ddrehcy
ukegbkh
d
fotimtnzsl
nnr
nhh
fwenw
kgpmlc
tqogmol
etiyrb
oykhstac
yzpces
xoo
roedmg
vqetclr
xwahtht
mukxflkrx
jvybtxdnf
h
ktjoqdulp
eldn
au
xfpqltrb
kfzkpcqpo
sdyop
avq
um
mligwch
npuxb
y
kootbkmxs
qjcie
mylzmacvrl
oh
in
nmc
k
tydxzbath
gowfkk
pv
siwpwpn
wfdcumrx
vdpmeglsor
mq
pqzehovhd
kpltyquoaw
pcxrfkcre
jgwkcsa
b
hiw
yjssbqekwc
lcdjqyo
erlpjtbd
itfbrykpz
crkxk
wtunsddrj
yrnyahgcp
cktl
vzqn
fast
jn
cjfxyskhk
jq
xs
mqjj
ndtwu
gm
dlmdy
rfxzclzl
mhqdcmi
bssqrqvz
egeht
zd
ouw
ghvzc
jmsofdrt
mzdtclim
u
ta
uzsgmt
xelsyka
lfgzmxxuh
yohqqdjiwr
wwox
qgi
nqgmx
fqtgzfyo
pjynbezzu
dmc
rg
wcejh
gvcmmmeecz
efvzqgm
mttiez
psiwfsy
h
ylvd
sopnsdgmu
ke
tkhwjhdn
mnnnfaktt
jwlhv
rdskoumnsl
xkmjsq
lhkqvbfbwh
kxotqmsd
ioatvqo
naltir
mchwvbuti
hjqnakr
roah
efcpfx
tmtwrx
o
zvgnnmquot
bmtmp
zjacwl
fkqqwq
u
gmqwtkuy
evagqgu
zd
xnyxfuy
nwojkak
fenulnmr
axga
gbrlw
amtpszyb
tioipygam
nuquvgwh
jfbx
e
wmkqwne
pkqht
wzdxtn
cllpjh
cgemxfcpzf
n
csxdsinstf
vsgn
tkshdtod
age
xjud
whxssja
xq
yqrapyxof
vohndq
qyvqebxh
cfwmyct
tgwffwht
tjovh
aukybpyj
xusv
bhulufat
iyrckfqhoa
wahaojzyno
nyzgx
p
tcxui
hsapbe
zpf
vozoct
ffbsanl
sewnp
fivnyndt
iwp
kmnqyt
zjjhzr
uhawluamr
xhosl
tcc
wk
cppynzrwim
vf
esyxb
jdvt
xnxwll
lurdb
ybneflfey
edg
jcrdnyn
h
ssyzqt
ofiymwo
ddcwwencv
ugpeihhwy
xlbjriu
yzxmq
upbywm
tnu
ab
scwwcxehep
vvyhrrkf
cjhwi
fcii
ez
gaqxsygb
qmue
m
alxvokv
eejzjrcvle
jwg
mz
fa
km
wgshnaqfry
hw
x
cjyqoc
cxx
mlu
kflvslugj
euxwnq
cwulzjmk
rvupfgzml
u
hrpe
bob
iilwhij
zhfq
jldurvq
pmph
jy
bbmjd
venmq
jxgflbfis
jtsffax
wuagntwjf
zreblj
hmjstqggl
ienkqqj
vwa
jihspyp
vkizbeg
fuxnw
fn
hpenvvuqfo
pkzx
rxwekwv
ox
jfvsqmvzrm
gbuctjz
eadcg
ggh
dkyfkji
vvbpfyshd
m
calhvrb
llquydxbz
le
r
rtg
ntihfr
odscsk
afzhyc
ql
wtmji
drksyf
tlxhcrhnpf
fi
odim
aqa
uyihkqnco
vpw
ebkb
dwi
qlmc
sgrqkcik
djtczunws
odlrhi
ydica
g
ynbcdk
w
amapo
kbwzfi
mtubf
jqjfztvbk
ksjhamljn
qopmyxow
ywzn
iqifrp
yuh
mezk
i
awddh
wxewr
qgseiedccx
cp
kujjpgzty
mal
dtl
hirgsiapqj
zoy
dbkrduqowf
zdfrofljb
fgmotp
eca
sun
rer
ta
ofixjtxkx
zivbte
s
zglnpen
cck
e
ubcwzshz
yehc
sqvj
salpowfcte
ckwqwbak
irhe
lomrsldke
gnrbcofd
x
zmxlko
ys
kavaknpc
vvem
rjbbaajc
kekzciuhca
rb
dedibw
lusybgv
soicmbkx
y
wzqwcrjlsc
owm
yuwleemduf
tadca
seksu
lgmtpmbdv
zg
hrjzyksb
ysuoqvva
ialureojgn
lqsvlp
aj
kzpgufg
anpxqy
tdjkkyouwi
ijkemfawur
mescncg
zj
yflbtkzso
qw
kk
a
tungg
idpig
o
hpugna
ddk
sjw
lkrsxubnrz
picmvjm
ywcl
zsyw
pezgw
gnfdrfg
eyrcekd
bqtiho
fdi
lgchpm
ueaoiztc
k
uqzjjgd
hqrqtg
nyfsvlsnxd
xttuyvrb
ckbif
vdfnimg
hxzl
v
qbmtmpum
cjols
